# JRE version: Java(TM) SE Runtime Environment (9.0+11) (build 9.0.4+11)
# Java VM: Java HotSpot(TM) 64-Bit Server VM (9.0.4+11, mixed mode, tiered, compressed oops, g1 gc, windows-amd64)
Heap:
 garbage-first heap   total 189440K, used 119369K [0x0000000700000000, 0x00000007001005c8, 0x00000007c0000000)
  region size 1024K, 49 young (50176K), 1 survivors (1024K)
 Metaspace       used 83314K, capacity 85500K, committed 93184K, reserved 1130496K
  class space    used 11040K, capacity 11480K, committed 13056K, reserved 1048576K
GC Heap History (10 events):
Event: 5602.542 GC heap before
{Heap before GC invocations=746 (full 78):
 garbage-first heap   total 189440K, used 131421K [0x0000000700000000, 0x00000007001005c8, 0x00000007c0000000)
  region size 1024K, 60 young (61440K), 1 survivors (1024K)
 Metaspace       used 83301K, capacity 85500K, committed 93184K, reserved 1130496K
  class space    used 11040K, capacity 11480K, committed 13056K, reserved 1048576K
}
Event: 5602.546 GC heap after
{Heap after GC invocations=747 (full 78):
 garbage-first heap   total 189440K, used 71130K [0x0000000700000000, 0x00000007001005c8, 0x00000007c0000000)
  region size 1024K, 1 young (1024K), 1 survivors (1024K)
 Metaspace       used 83301K, capacity 85500K, committed 93184K, reserved 1130496K
  class space    used 11040K, capacity 11480K, committed 13056K, reserved 1048576K
}
Event: 5630.339 GC heap before
{Heap before GC invocations=747 (full 78):
 garbage-first heap   total 189440K, used 131546K [0x0000000700000000, 0x00000007001005c8, 0x00000007c0000000)
  region size 1024K, 60 young (61440K), 1 survivors (1024K)
 Metaspace       used 83314K, capacity 85500K, committed 93184K, reserved 1130496K
  class space    used 11040K, capacity 11480K, committed 13056K, reserved 1048576K
}
Event: 5630.343 GC heap after
{Heap after GC invocations=748 (full 78):
 garbage-first heap   total 189440K, used 71531K [0x0000000700000000, 0x00000007001005c8, 0x00000007c0000000)
  region size 1024K, 2 young (2048K), 2 survivors (2048K)
 Metaspace       used 83314K, capacity 85500K, committed 93184K, reserved 1130496K
  class space    used 11040K, capacity 11480K, committed 13056K, reserved 1048576K
}
Event: 5630.486 GC heap before
{Heap before GC invocations=748 (full 78):
 garbage-first heap   total 189440K, used 130923K [0x0000000700000000, 0x00000007001005c8, 0x00000007c0000000)
  region size 1024K, 60 young (61440K), 2 survivors (2048K)
 Metaspace       used 83314K, capacity 85500K, committed 93184K, reserved 1130496K
  class space    used 11040K, capacity 11480K, committed 13056K, reserved 1048576K
}
Event: 5630.488 GC heap after
{Heap after GC invocations=749 (full 78):
 garbage-first heap   total 189440K, used 71107K [0x0000000700000000, 0x00000007001005c8, 0x00000007c0000000)
  region size 1024K, 1 young (1024K), 1 survivors (1024K)
 Metaspace       used 83314K, capacity 85500K, committed 93184K, reserved 1130496K
  class space    used 11040K, capacity 11480K, committed 13056K, reserved 1048576K
}
Event: 5632.442 GC heap before
{Heap before GC invocations=749 (full 78):
 garbage-first heap   total 189440K, used 131523K [0x0000000700000000, 0x00000007001005c8, 0x00000007c0000000)
  region size 1024K, 60 young (61440K), 1 survivors (1024K)
 Metaspace       used 83314K, capacity 85500K, committed 93184K, reserved 1130496K
  class space    used 11040K, capacity 11480K, committed 13056K, reserved 1048576K
}
Event: 5632.444 GC heap after
{Heap after GC invocations=750 (full 78):
 garbage-first heap   total 189440K, used 71165K [0x0000000700000000, 0x00000007001005c8, 0x00000007c0000000)
  region size 1024K, 1 young (1024K), 1 survivors (1024K)
 Metaspace       used 83314K, capacity 85500K, committed 93184K, reserved 1130496K
  class space    used 11040K, capacity 11480K, committed 13056K, reserved 1048576K
}
Event: 5632.843 GC heap before
{Heap before GC invocations=750 (full 78):
 garbage-first heap   total 189440K, used 131581K [0x0000000700000000, 0x00000007001005c8, 0x00000007c0000000)
  region size 1024K, 60 young (61440K), 1 survivors (1024K)
 Metaspace       used 83314K, capacity 85500K, committed 93184K, reserved 1130496K
  class space    used 11040K, capacity 11480K, committed 13056K, reserved 1048576K
}
Event: 5632.846 GC heap after
{Heap after GC invocations=751 (full 78):
 garbage-first heap   total 189440K, used 71241K [0x0000000700000000, 0x00000007001005c8, 0x00000007c0000000)
  region size 1024K, 1 young (1024K), 1 survivors (1024K)
 Metaspace       used 83314K, capacity 85500K, committed 93184K, reserved 1130496K
  class space    used 11040K, capacity 11480K, committed 13056K, reserved 1048576K
}

